Build started 26.02.2014 14:41:12.
     1>Project "C:\Users\cavci\documents\visual studio 2010\Projects\my_lib\my_lib\my_lib.vcxproj" on node 2 (build target(s)).
     1>InitializeBuildStatus:
         Creating "Debug\my_lib.unsuccessfulbuild" because "AlwaysCreate" was specified.
       ClCompile:
         c:\Program Files (x86)\Microsoft Visual Studio 10.0\VC\bin\CL.exe /c /ZI /nologo /W3 /WX- /Od /Oy- /D WIN32 /D _DEBUG /D _CONSOLE /D _UNICODE /D UNICODE /Gm /EHsc /RTC1 /MDd /GS /fp:precise /Zc:wchar_t /Zc:forScope /Fo"Debug\\" /Fd"Debug\vc100.pdb" /Gd /TP /analyze- /errorReport:prompt main.cpp
         main.cpp
     1>c:\users\cavci\documents\visual studio 2010\projects\my_lib\my_lib\main.cpp(13): warning C4018: '<' : signed/unsigned mismatch
     1>c:\users\cavci\documents\visual studio 2010\projects\my_lib\my_lib\main.cpp(143): warning C4018: '<' : signed/unsigned mismatch
     1>c:\users\cavci\documents\visual studio 2010\projects\my_lib\my_lib\main.cpp(220): warning C4018: '<' : signed/unsigned mismatch
     1>c:\users\cavci\documents\visual studio 2010\projects\my_lib\my_lib\main.cpp(225): warning C4018: '<' : signed/unsigned mismatch
       Link:
         c:\Program Files (x86)\Microsoft Visual Studio 10.0\VC\bin\link.exe /ERRORREPORT:PROMPT /OUT:"C:\Users\cavci\documents\visual studio 2010\Projects\my_lib\Debug\my_lib.exe" /INCREMENTAL:NO /NOLOGO kernel32.lib user32.lib gdi32.lib winspool.lib comdlg32.lib advapi32.lib shell32.lib ole32.lib oleaut32.lib uuid.lib odbc32.lib odbccp32.lib /MANIFEST /ManifestFile:"Debug\my_lib.exe.intermediate.manifest" /MANIFESTUAC:"level='asInvoker' uiAccess='false'" /DEBUG /PDB:"C:\Users\cavci\documents\visual studio 2010\Projects\my_lib\Debug\my_lib.pdb" /SUBSYSTEM:CONSOLE /TLBID:1 /DYNAMICBASE /NXCOMPAT /IMPLIB:"C:\Users\cavci\documents\visual studio 2010\Projects\my_lib\Debug\my_lib.lib" /MACHINE:X86 Debug\LinkedList.obj
         Debug\main.obj
     1>LinkedList.obj : warning LNK4075: ignoring '/EDITANDCONTINUE' due to '/INCREMENTAL:NO' specification
         my_lib.vcxproj -> C:\Users\cavci\documents\visual studio 2010\Projects\my_lib\Debug\my_lib.exe
       Manifest:
         C:\Program Files (x86)\Microsoft SDKs\Windows\v7.0A\bin\mt.exe /nologo /verbose /outputresource:"C:\Users\cavci\documents\visual studio 2010\Projects\my_lib\Debug\my_lib.exe;#1" /manifest Debug\my_lib.exe.intermediate.manifest
       FinalizeBuildStatus:
         Deleting file "Debug\my_lib.unsuccessfulbuild".
         Touching "Debug\my_lib.lastbuildstate".
     1>Done Building Project "C:\Users\cavci\documents\visual studio 2010\Projects\my_lib\my_lib\my_lib.vcxproj" (build target(s)).

Build succeeded.

Time Elapsed 00:00:01.20
